<?xml version="1.0" encoding="UTF-8"?>
<!-- Generated by org.testng.reporters.JUnitReportReporter -->
<testsuite hostname="MahmudaLaptop" failures="0" tests="1" name="misc.Misc" time="0.027" errors="0" timestamp="2023-03-22T08:05:44 EDT" skipped="0">
  <testcase classname="misc.Misc" name="base64Conversion" time="0.027"/>
  <system-out/>
</testsuite> <!-- misc.Misc -->
