<?xml version="1.0" encoding="UTF-8"?>
<!-- Generated by org.testng.reporters.JUnitReportReporter -->
<testsuite hostname="MahmudaLaptop" failures="0" tests="1" name="unitTest.DeleteTest" time="1.389" errors="0" timestamp="2023-03-21T18:44:09 EDT" skipped="0">
  <testcase classname="unitTest.DeleteTest" name="deleteUsersTest" time="1.389"/>
  <system-out/>
</testsuite> <!-- unitTest.DeleteTest -->
