<?xml version="1.0" encoding="UTF-8"?>
<!-- Generated by org.testng.reporters.JUnitReportReporter -->
<testsuite hostname="MahmudaLaptop" failures="0" tests="5" name="unitTest.PostTest" time="1.520" errors="0" timestamp="2023-03-22T07:43:03 EDT" skipped="4">
  <testcase classname="unitTest.PostTest" name="postUsersTestMapBody" time="1.520"/>
  <system-out/>
  <testcase classname="unitTest.PostTest" name="postUsersTestByteBody">
    <skipped/>
  </testcase> <!-- postUsersTestByteBody -->
  <system-out/>
  <testcase classname="unitTest.PostTest" name="postUsersTestFileBody500">
    <skipped/>
  </testcase> <!-- postUsersTestFileBody500 -->
  <system-out/>
  <testcase classname="unitTest.PostTest" name="postUsersTestInputStrimBody">
    <skipped/>
  </testcase> <!-- postUsersTestInputStrimBody -->
  <system-out/>
  <testcase classname="unitTest.PostTest" name="postUsersTestStringBody">
    <skipped/>
  </testcase> <!-- postUsersTestStringBody -->
  <system-out/>
</testsuite> <!-- unitTest.PostTest -->
