<?xml version="1.0" encoding="UTF-8"?>
<!-- Generated by org.testng.reporters.JUnitReportReporter -->
<testsuite hostname="MahmudaLaptop" failures="0" tests="7" name="unitTest.GetTest" time="1.802" errors="0" timestamp="2023-03-21T18:23:53 EDT" skipped="6">
  <testcase classname="unitTest.GetTest" name="getUsersListResponseValidation2" time="1.802"/>
  <system-out/>
  <testcase classname="unitTest.GetTest" name="getUsersListResponseCodeValidationNegetiveTest">
    <skipped/>
  </testcase> <!-- getUsersListResponseCodeValidationNegetiveTest -->
  <system-out/>
  <testcase classname="unitTest.GetTest" name="getUsersListResponseValidation">
    <skipped/>
  </testcase> <!-- getUsersListResponseValidation -->
  <system-out/>
  <testcase classname="unitTest.GetTest" name="getUserList">
    <skipped/>
  </testcase> <!-- getUserList -->
  <system-out/>
  <testcase classname="unitTest.GetTest" name="getUsersListPreetyPrint">
    <skipped/>
  </testcase> <!-- getUsersListPreetyPrint -->
  <system-out/>
  <testcase classname="unitTest.GetTest" name="getUsersListLogs">
    <skipped/>
  </testcase> <!-- getUsersListLogs -->
  <system-out/>
  <testcase classname="unitTest.GetTest" name="getUsersListResponseCodeValidation">
    <skipped/>
  </testcase> <!-- getUsersListResponseCodeValidation -->
  <system-out/>
</testsuite> <!-- unitTest.GetTest -->
