<?xml version="1.0" encoding="UTF-8"?>
<!-- Generated by org.testng.reporters.JUnitReportReporter -->
<testsuite hostname="MahmudaLaptop" failures="0" tests="1" name="unitTest.PutTest" time="1.346" errors="0" timestamp="2023-03-22T07:45:45 EDT" skipped="0">
  <testcase classname="unitTest.PutTest" name="putUserTest" time="1.346"/>
  <system-out/>
</testsuite> <!-- unitTest.PutTest -->
